<?xml version="1.0" encoding="UTF-8" ?>
<testsuite tests="3" failures="0" name="TestSuite" time="0.871" errors="0" skipped="0">
  <properties>
    <property name="java.runtime.name" value="Java(TM) SE Runtime Environment"/>
    <property name="sun.boot.library.path" value="C:\Java\jdk1.8.0_111\jre\bin"/>
    <property name="java.vm.version" value="25.111-b14"/>
    <property name="java.vm.vendor" value="Oracle Corporation"/>
    <property name="java.vendor.url" value="http://java.oracle.com/"/>
    <property name="path.separator" value=";"/>
    <property name="java.vm.name" value="Java HotSpot(TM) 64-Bit Server VM"/>
    <property name="file.encoding.pkg" value="sun.io"/>
    <property name="user.script" value=""/>
    <property name="user.country" value="CN"/>
    <property name="sun.java.launcher" value="SUN_STANDARD"/>
    <property name="sun.os.patch.level" value=""/>
    <property name="java.vm.specification.name" value="Java Virtual Machine Specification"/>
    <property name="user.dir" value="E:\Work666\my_test"/>
    <property name="java.runtime.version" value="1.8.0_111-b14"/>
    <property name="java.awt.graphicsenv" value="sun.awt.Win32GraphicsEnvironment"/>
    <property name="basedir" value="E:\Work666\my_test"/>
    <property name="java.endorsed.dirs" value="C:\Java\jdk1.8.0_111\jre\lib\endorsed"/>
    <property name="os.arch" value="amd64"/>
    <property name="surefire.real.class.path" value="E:\Work666\my_test\target\surefire\surefirebooter7833534900554169791.jar"/>
    <property name="java.io.tmpdir" value="C:\Users\Administrator\AppData\Local\Temp\"/>
    <property name="line.separator" value="
"/>
    <property name="java.vm.specification.vendor" value="Oracle Corporation"/>
    <property name="user.variant" value=""/>
    <property name="os.name" value="Windows 10"/>
    <property name="sun.jnu.encoding" value="GBK"/>
    <property name="java.library.path" value="C:\Java\jdk1.8.0_111\jre\bin;C:\windows\Sun\Java\bin;C:\windows\system32;C:\windows;C:\ProgramData\Oracle\Java\javapath;C:\windows\system32;C:\windows;C:\windows\System32\Wbem;C:\windows\System32\WindowsPowerShell\v1.0\;%JAVA_HOME%\bin;D:\Git\cmd;D:\Git\mingw64\bin;D:\Git\usr\bin;E:\Tools\apache-maven-3.3.9\bin;C:\Users\Administrator\AppData\Local\Microsoft\WindowsApps;D:\IDEA\IntelliJ IDEA 2019.3.2\bin;;."/>
    <property name="surefire.test.class.path" value="E:\Work666\my_test\target\test-classes;E:\Work666\my_test\target\classes;E:\Tools\maven-repository\org\testng\testng\6.9.10\testng-6.9.10.jar;E:\Tools\maven-repository\com\beust\jcommander\1.48\jcommander-1.48.jar;E:\Tools\maven-repository\org\beanshell\bsh\2.0b4\bsh-2.0b4.jar;E:\Tools\maven-repository\org\slf4j\slf4j-log4j12\1.6.6\slf4j-log4j12-1.6.6.jar;E:\Tools\maven-repository\org\slf4j\slf4j-api\1.6.6\slf4j-api-1.6.6.jar;E:\Tools\maven-repository\log4j\log4j\1.2.17\log4j-1.2.17.jar;E:\Tools\maven-repository\com\fasterxml\jackson\dataformat\jackson-dataformat-yaml\2.9.8\jackson-dataformat-yaml-2.9.8.jar;E:\Tools\maven-repository\org\yaml\snakeyaml\1.23\snakeyaml-1.23.jar;E:\Tools\maven-repository\com\fasterxml\jackson\core\jackson-core\2.9.8\jackson-core-2.9.8.jar;E:\Tools\maven-repository\com\alibaba\fastjson\1.2.47\fastjson-1.2.47.jar;E:\Tools\maven-repository\com\squareup\okhttp\okhttp\2.5.0\okhttp-2.5.0.jar;E:\Tools\maven-repository\com\squareup\okio\okio\1.6.0\okio-1.6.0.jar;E:\Tools\maven-repository\org\reflections\reflections\0.9.11\reflections-0.9.11.jar;E:\Tools\maven-repository\com\google\guava\guava\20.0\guava-20.0.jar;E:\Tools\maven-repository\org\javassist\javassist\3.21.0-GA\javassist-3.21.0-GA.jar;"/>
    <property name="java.specification.name" value="Java Platform API Specification"/>
    <property name="java.class.version" value="52.0"/>
    <property name="sun.management.compiler" value="HotSpot 64-Bit Tiered Compilers"/>
    <property name="os.version" value="10.0"/>
    <property name="user.home" value="C:\Users\Administrator"/>
    <property name="user.timezone" value="Asia/Shanghai"/>
    <property name="java.awt.printerjob" value="sun.awt.windows.WPrinterJob"/>
    <property name="java.specification.version" value="1.8"/>
    <property name="file.encoding" value="GBK"/>
    <property name="user.name" value="Administrator"/>
    <property name="java.class.path" value="E:\Work666\my_test\target\test-classes;E:\Work666\my_test\target\classes;E:\Tools\maven-repository\org\testng\testng\6.9.10\testng-6.9.10.jar;E:\Tools\maven-repository\com\beust\jcommander\1.48\jcommander-1.48.jar;E:\Tools\maven-repository\org\beanshell\bsh\2.0b4\bsh-2.0b4.jar;E:\Tools\maven-repository\org\slf4j\slf4j-log4j12\1.6.6\slf4j-log4j12-1.6.6.jar;E:\Tools\maven-repository\org\slf4j\slf4j-api\1.6.6\slf4j-api-1.6.6.jar;E:\Tools\maven-repository\log4j\log4j\1.2.17\log4j-1.2.17.jar;E:\Tools\maven-repository\com\fasterxml\jackson\dataformat\jackson-dataformat-yaml\2.9.8\jackson-dataformat-yaml-2.9.8.jar;E:\Tools\maven-repository\org\yaml\snakeyaml\1.23\snakeyaml-1.23.jar;E:\Tools\maven-repository\com\fasterxml\jackson\core\jackson-core\2.9.8\jackson-core-2.9.8.jar;E:\Tools\maven-repository\com\alibaba\fastjson\1.2.47\fastjson-1.2.47.jar;E:\Tools\maven-repository\com\squareup\okhttp\okhttp\2.5.0\okhttp-2.5.0.jar;E:\Tools\maven-repository\com\squareup\okio\okio\1.6.0\okio-1.6.0.jar;E:\Tools\maven-repository\org\reflections\reflections\0.9.11\reflections-0.9.11.jar;E:\Tools\maven-repository\com\google\guava\guava\20.0\guava-20.0.jar;E:\Tools\maven-repository\org\javassist\javassist\3.21.0-GA\javassist-3.21.0-GA.jar;"/>
    <property name="java.vm.specification.version" value="1.8"/>
    <property name="sun.arch.data.model" value="64"/>
    <property name="java.home" value="C:\Java\jdk1.8.0_111\jre"/>
    <property name="sun.java.command" value="E:\Work666\my_test\target\surefire\surefirebooter7833534900554169791.jar E:\Work666\my_test\target\surefire\surefire3861696347061657521tmp E:\Work666\my_test\target\surefire\surefire7651781681345328160tmp"/>
    <property name="java.specification.vendor" value="Oracle Corporation"/>
    <property name="user.language" value="zh"/>
    <property name="awt.toolkit" value="sun.awt.windows.WToolkit"/>
    <property name="java.vm.info" value="mixed mode"/>
    <property name="java.version" value="1.8.0_111"/>
    <property name="java.ext.dirs" value="C:\Java\jdk1.8.0_111\jre\lib\ext;C:\windows\Sun\Java\lib\ext"/>
    <property name="sun.boot.class.path" value="C:\Java\jdk1.8.0_111\jre\lib\resources.jar;C:\Java\jdk1.8.0_111\jre\lib\rt.jar;C:\Java\jdk1.8.0_111\jre\lib\sunrsasign.jar;C:\Java\jdk1.8.0_111\jre\lib\jsse.jar;C:\Java\jdk1.8.0_111\jre\lib\jce.jar;C:\Java\jdk1.8.0_111\jre\lib\charsets.jar;C:\Java\jdk1.8.0_111\jre\lib\jfr.jar;C:\Java\jdk1.8.0_111\jre\classes"/>
    <property name="java.vendor" value="Oracle Corporation"/>
    <property name="localRepository" value="E:\Tools\maven-repository"/>
    <property name="file.separator" value="\"/>
    <property name="java.vendor.url.bug" value="http://bugreport.sun.com/bugreport/"/>
    <property name="sun.cpu.endian" value="little"/>
    <property name="sun.io.unicode.encoding" value="UnicodeLittle"/>
    <property name="sun.desktop" value="windows"/>
    <property name="sun.cpu.isalist" value="amd64"/>
  </properties>
  <testcase classname="com.mytest.function.base.FunctionTestBase" name="test" time="0.084"/>
  <testcase classname="com.mytest.function.base.FunctionTestBase" name="test" time="0.052"/>
  <testcase classname="com.mytest.function.base.FunctionTestBase" name="test" time="0.043"/>
</testsuite>