<?xml version="1.0" encoding="UTF-8" ?>
<testsuite tests="3" failures="0" name="TestSuite" time="0.909" errors="0" skipped="0">
  <properties>
    <property name="java.runtime.name" value="Java(TM) SE Runtime Environment"/>
    <property name="sun.boot.library.path" value="/Library/Java/JavaVirtualMachines/jdk1.8.0_73.jdk/Contents/Home/jre/lib"/>
    <property name="java.vm.version" value="25.73-b02"/>
    <property name="gopherProxySet" value="false"/>
    <property name="java.vm.vendor" value="Oracle Corporation"/>
    <property name="java.vendor.url" value="http://java.oracle.com/"/>
    <property name="path.separator" value=":"/>
    <property name="java.vm.name" value="Java HotSpot(TM) 64-Bit Server VM"/>
    <property name="file.encoding.pkg" value="sun.io"/>
    <property name="user.country" value="CN"/>
    <property name="sun.java.launcher" value="SUN_STANDARD"/>
    <property name="sun.os.patch.level" value="unknown"/>
    <property name="java.vm.specification.name" value="Java Virtual Machine Specification"/>
    <property name="user.dir" value="/Users/LIMSHEN/Work/my_test"/>
    <property name="java.runtime.version" value="1.8.0_73-b02"/>
    <property name="java.awt.graphicsenv" value="sun.awt.CGraphicsEnvironment"/>
    <property name="basedir" value="/Users/LIMSHEN/Work/my_test"/>
    <property name="java.endorsed.dirs" value="/Library/Java/JavaVirtualMachines/jdk1.8.0_73.jdk/Contents/Home/jre/lib/endorsed"/>
    <property name="os.arch" value="x86_64"/>
    <property name="surefire.real.class.path" value="/Users/LIMSHEN/Work/my_test/target/surefire/surefirebooter2691025856451383924.jar"/>
    <property name="java.io.tmpdir" value="/var/folders/3r/4qh9kw6d6qv9k2f89m9s96n40000gp/T/"/>
    <property name="line.separator" value="
"/>
    <property name="java.vm.specification.vendor" value="Oracle Corporation"/>
    <property name="os.name" value="Mac OS X"/>
    <property name="sun.jnu.encoding" value="UTF-8"/>
    <property name="java.library.path" value="/Users/LIMSHEN/Library/Java/Extensions:/Library/Java/Extensions:/Network/Library/Java/Extensions:/System/Library/Java/Extensions:/usr/lib/java:."/>
    <property name="surefire.test.class.path" value="/Users/LIMSHEN/Work/my_test/target/test-classes:/Users/LIMSHEN/Work/my_test/target/classes:/usr/local/maven/localRepository/org/testng/testng/6.9.10/testng-6.9.10.jar:/usr/local/maven/localRepository/com/beust/jcommander/1.48/jcommander-1.48.jar:/usr/local/maven/localRepository/org/beanshell/bsh/2.0b4/bsh-2.0b4.jar:/usr/local/maven/localRepository/org/slf4j/slf4j-log4j12/1.6.6/slf4j-log4j12-1.6.6.jar:/usr/local/maven/localRepository/org/slf4j/slf4j-api/1.6.6/slf4j-api-1.6.6.jar:/usr/local/maven/localRepository/log4j/log4j/1.2.17/log4j-1.2.17.jar:/usr/local/maven/localRepository/com/fasterxml/jackson/dataformat/jackson-dataformat-yaml/2.9.8/jackson-dataformat-yaml-2.9.8.jar:/usr/local/maven/localRepository/org/yaml/snakeyaml/1.23/snakeyaml-1.23.jar:/usr/local/maven/localRepository/com/fasterxml/jackson/core/jackson-core/2.9.8/jackson-core-2.9.8.jar:/usr/local/maven/localRepository/com/alibaba/fastjson/1.2.47/fastjson-1.2.47.jar:/usr/local/maven/localRepository/com/squareup/okhttp/okhttp/2.5.0/okhttp-2.5.0.jar:/usr/local/maven/localRepository/com/squareup/okio/okio/1.6.0/okio-1.6.0.jar:/usr/local/maven/localRepository/org/reflections/reflections/0.9.11/reflections-0.9.11.jar:/usr/local/maven/localRepository/com/google/guava/guava/20.0/guava-20.0.jar:/usr/local/maven/localRepository/org/javassist/javassist/3.21.0-GA/javassist-3.21.0-GA.jar:"/>
    <property name="java.specification.name" value="Java Platform API Specification"/>
    <property name="java.class.version" value="52.0"/>
    <property name="sun.management.compiler" value="HotSpot 64-Bit Tiered Compilers"/>
    <property name="os.version" value="10.11.3"/>
    <property name="user.home" value="/Users/LIMSHEN"/>
    <property name="user.timezone" value="Asia/Shanghai"/>
    <property name="java.awt.printerjob" value="sun.lwawt.macosx.CPrinterJob"/>
    <property name="java.specification.version" value="1.8"/>
    <property name="file.encoding" value="UTF-8"/>
    <property name="user.name" value="LIMSHEN"/>
    <property name="java.class.path" value="/Users/LIMSHEN/Work/my_test/target/test-classes:/Users/LIMSHEN/Work/my_test/target/classes:/usr/local/maven/localRepository/org/testng/testng/6.9.10/testng-6.9.10.jar:/usr/local/maven/localRepository/com/beust/jcommander/1.48/jcommander-1.48.jar:/usr/local/maven/localRepository/org/beanshell/bsh/2.0b4/bsh-2.0b4.jar:/usr/local/maven/localRepository/org/slf4j/slf4j-log4j12/1.6.6/slf4j-log4j12-1.6.6.jar:/usr/local/maven/localRepository/org/slf4j/slf4j-api/1.6.6/slf4j-api-1.6.6.jar:/usr/local/maven/localRepository/log4j/log4j/1.2.17/log4j-1.2.17.jar:/usr/local/maven/localRepository/com/fasterxml/jackson/dataformat/jackson-dataformat-yaml/2.9.8/jackson-dataformat-yaml-2.9.8.jar:/usr/local/maven/localRepository/org/yaml/snakeyaml/1.23/snakeyaml-1.23.jar:/usr/local/maven/localRepository/com/fasterxml/jackson/core/jackson-core/2.9.8/jackson-core-2.9.8.jar:/usr/local/maven/localRepository/com/alibaba/fastjson/1.2.47/fastjson-1.2.47.jar:/usr/local/maven/localRepository/com/squareup/okhttp/okhttp/2.5.0/okhttp-2.5.0.jar:/usr/local/maven/localRepository/com/squareup/okio/okio/1.6.0/okio-1.6.0.jar:/usr/local/maven/localRepository/org/reflections/reflections/0.9.11/reflections-0.9.11.jar:/usr/local/maven/localRepository/com/google/guava/guava/20.0/guava-20.0.jar:/usr/local/maven/localRepository/org/javassist/javassist/3.21.0-GA/javassist-3.21.0-GA.jar:"/>
    <property name="java.vm.specification.version" value="1.8"/>
    <property name="sun.arch.data.model" value="64"/>
    <property name="java.home" value="/Library/Java/JavaVirtualMachines/jdk1.8.0_73.jdk/Contents/Home/jre"/>
    <property name="sun.java.command" value="/Users/LIMSHEN/Work/my_test/target/surefire/surefirebooter2691025856451383924.jar /Users/LIMSHEN/Work/my_test/target/surefire/surefire4797209608275160860tmp /Users/LIMSHEN/Work/my_test/target/surefire/surefire8475339738807446545tmp"/>
    <property name="java.specification.vendor" value="Oracle Corporation"/>
    <property name="user.language" value="zh"/>
    <property name="awt.toolkit" value="sun.lwawt.macosx.LWCToolkit"/>
    <property name="java.vm.info" value="mixed mode"/>
    <property name="java.version" value="1.8.0_73"/>
    <property name="java.ext.dirs" value="/Users/LIMSHEN/Library/Java/Extensions:/Library/Java/JavaVirtualMachines/jdk1.8.0_73.jdk/Contents/Home/jre/lib/ext:/Library/Java/Extensions:/Network/Library/Java/Extensions:/System/Library/Java/Extensions:/usr/lib/java"/>
    <property name="sun.boot.class.path" value="/Library/Java/JavaVirtualMachines/jdk1.8.0_73.jdk/Contents/Home/jre/lib/resources.jar:/Library/Java/JavaVirtualMachines/jdk1.8.0_73.jdk/Contents/Home/jre/lib/rt.jar:/Library/Java/JavaVirtualMachines/jdk1.8.0_73.jdk/Contents/Home/jre/lib/sunrsasign.jar:/Library/Java/JavaVirtualMachines/jdk1.8.0_73.jdk/Contents/Home/jre/lib/jsse.jar:/Library/Java/JavaVirtualMachines/jdk1.8.0_73.jdk/Contents/Home/jre/lib/jce.jar:/Library/Java/JavaVirtualMachines/jdk1.8.0_73.jdk/Contents/Home/jre/lib/charsets.jar:/Library/Java/JavaVirtualMachines/jdk1.8.0_73.jdk/Contents/Home/jre/lib/jfr.jar:/Library/Java/JavaVirtualMachines/jdk1.8.0_73.jdk/Contents/Home/jre/classes"/>
    <property name="java.vendor" value="Oracle Corporation"/>
    <property name="localRepository" value="/usr/local/maven/localRepository"/>
    <property name="file.separator" value="/"/>
    <property name="java.vendor.url.bug" value="http://bugreport.sun.com/bugreport/"/>
    <property name="sun.cpu.endian" value="little"/>
    <property name="sun.io.unicode.encoding" value="UnicodeBig"/>
    <property name="sun.cpu.isalist" value=""/>
  </properties>
  <testcase classname="com.mytest.function.base.FunctionTestBase" name="test" time="0.16"/>
  <testcase classname="com.mytest.function.base.FunctionTestBase" name="test" time="0.049"/>
  <testcase classname="com.mytest.function.base.FunctionTestBase" name="test" time="0.043"/>
</testsuite>