<?xml version="1.0" encoding="UTF-8"?>
<!-- Generated by org.testng.reporters.JUnitReportReporter -->
<testsuite hostname="AFAAW-704030720" name="com.mytest.function.base.FunctionTestBase" tests="3" failures="0" timestamp="29 Jan 2020 03:46:33 GMT" time="0.178" errors="0">
  <testcase name="test" time="0.052" classname="com.mytest.function.base.FunctionTestBase"/>
  <testcase name="test" time="0.043" classname="com.mytest.function.base.FunctionTestBase"/>
  <testcase name="test" time="0.083" classname="com.mytest.function.base.FunctionTestBase"/>
</testsuite> <!-- com.mytest.function.base.FunctionTestBase -->
