<?xml version="1.0" encoding="UTF-8"?>
<!-- Generated by org.testng.reporters.JUnitReportReporter -->
<testsuite hostname="Limshen.local" name="com.mytest.function.base.FunctionTestBase" tests="3" failures="0" timestamp="5 Jan 2020 14:02:39 GMT" time="0.252" errors="0">
  <testcase name="test" time="0.043" classname="com.mytest.function.base.FunctionTestBase"/>
  <testcase name="test" time="0.160" classname="com.mytest.function.base.FunctionTestBase"/>
  <testcase name="test" time="0.049" classname="com.mytest.function.base.FunctionTestBase"/>
</testsuite> <!-- com.mytest.function.base.FunctionTestBase -->
